# JRE version: Java(TM) SE Runtime Environment (26.0+35) (build 26+35-2893)
# Java VM: Java HotSpot(TM) 64-Bit Server VM (26+35-2893, mixed mode, sharing, tiered, compressed oops, compressed class ptrs, g1 gc, windows-amd64)
GC Precious Log:
 CardTable entry size: 512
 Card Set container configuration: InlinePtr #cards 5 size 8 Array Of Cards #cards 10 size 36 Howl #buckets 4 coarsen threshold 1843 Howl Bitmap #cards 512 size 80 coarsen threshold 460 Card regions per heap region 1 cards per card region 2048
 CPUs: 8 total, 8 available
 Memory: 8121M
 Large Page Support: Disabled
 NUMA Support: Disabled
 Compressed Oops: Enabled (32-bit)
 Heap Region Size: 1M
 Heap Min Capacity: 8M
 Heap Initial Capacity: 8M
 Heap Max Capacity: 2032M
 Pre-touch: Disabled
 Parallel Workers: 8
 Concurrent Workers: 2
 Concurrent Refinement Workers: 8
 Periodic GC: Disabled
Heap:
 garbage-first heap   total reserved 2080768K, committed 152576K, used 71901K [0x0000000081000000, 0x0000000100000000)
  region size 1M, 0 eden (0M), 5 survivor (5M), 57 old (57M), 9 humongous (9M), 78 free (78M)
GC Heap Usage History (20 events):
Event: 4.310 {heap After GC invocations=19 (full 0):
 garbage-first heap   total reserved 2080768K, committed 38912K, used 16801K [0x0000000081000000, 0x0000000100000000)
  region size 1M, 0 eden (0M), 2 survivor (2M), 15 old (15M), 0 humongous (0M), 21 free (21M)
}
Event: 5.136 {heap Before GC invocations=19 (full 0):
 garbage-first heap   total reserved 2080768K, committed 38912K, used 33185K [0x0000000081000000, 0x0000000100000000)
  region size 1M, 16 eden (16M), 2 survivor (2M), 15 old (15M), 0 humongous (0M), 5 free (5M)
}
Event: 5.140 {heap After GC invocations=20 (full 0):
 garbage-first heap   total reserved 2080768K, committed 38912K, used 17397K [0x0000000081000000, 0x0000000100000000)
  region size 1M, 0 eden (0M), 2 survivor (2M), 15 old (15M), 0 humongous (0M), 21 free (21M)
}
Event: 5.547 {heap Before GC invocations=20 (full 0):
 garbage-first heap   total reserved 2080768K, committed 38912K, used 33781K [0x0000000081000000, 0x0000000100000000)
  region size 1M, 17 eden (17M), 2 survivor (2M), 15 old (15M), 0 humongous (0M), 4 free (4M)
}
Event: 5.554 {heap After GC invocations=21 (full 0):
 garbage-first heap   total reserved 2080768K, committed 38912K, used 18597K [0x0000000081000000, 0x0000000100000000)
  region size 1M, 0 eden (0M), 3 survivor (3M), 16 old (16M), 0 humongous (0M), 19 free (19M)
}
Event: 6.105 {heap Before GC invocations=21 (full 0):
 garbage-first heap   total reserved 2080768K, committed 38912K, used 33957K [0x0000000081000000, 0x0000000100000000)
  region size 1M, 15 eden (15M), 3 survivor (3M), 16 old (16M), 1 humongous (1M), 3 free (3M)
}
Event: 6.114 {heap After GC invocations=22 (full 0):
 garbage-first heap   total reserved 2080768K, committed 39936K, used 19941K [0x0000000081000000, 0x0000000100000000)
  region size 1M, 0 eden (0M), 3 survivor (3M), 17 old (17M), 0 humongous (0M), 19 free (19M)
}
Event: 6.161 {heap Before GC invocations=22 (full 0):
 garbage-first heap   total reserved 2080768K, committed 39936K, used 20965K [0x0000000081000000, 0x0000000100000000)
  region size 1M, 2 eden (2M), 3 survivor (3M), 17 old (17M), 0 humongous (0M), 17 free (17M)
}
Event: 6.168 {heap After GC invocations=23 (full 0):
 garbage-first heap   total reserved 2080768K, committed 39936K, used 19702K [0x0000000081000000, 0x0000000100000000)
  region size 1M, 0 eden (0M), 1 survivor (1M), 19 old (19M), 0 humongous (0M), 19 free (19M)
}
Event: 6.758 {heap Before GC invocations=24 (full 0):
 garbage-first heap   total reserved 2080768K, committed 39936K, used 39158K [0x0000000081000000, 0x0000000100000000)
  region size 1M, 13 eden (13M), 1 survivor (1M), 19 old (19M), 6 humongous (6M), 0 free (0M)
}
Event: 6.776 {heap After GC invocations=25 (full 0):
 garbage-first heap   total reserved 2080768K, committed 135168K, used 30720K [0x0000000081000000, 0x0000000100000000)
  region size 1M, 0 eden (0M), 3 survivor (3M), 21 old (21M), 6 humongous (6M), 102 free (102M)
}
Event: 9.172 {heap Before GC invocations=25 (full 0):
 garbage-first heap   total reserved 2080768K, committed 135168K, used 108544K [0x0000000081000000, 0x0000000100000000)
  region size 1M, 76 eden (76M), 3 survivor (3M), 21 old (21M), 7 humongous (7M), 25 free (25M)
}
Event: 9.202 {heap After GC invocations=26 (full 0):
 garbage-first heap   total reserved 2080768K, committed 135168K, used 44331K [0x0000000081000000, 0x0000000100000000)
  region size 1M, 0 eden (0M), 10 survivor (10M), 27 old (27M), 7 humongous (7M), 88 free (88M)
}
Event: 11.108 {heap Before GC invocations=26 (full 0):
 garbage-first heap   total reserved 2080768K, committed 135168K, used 114987K [0x0000000081000000, 0x0000000100000000)
  region size 1M, 69 eden (69M), 10 survivor (10M), 27 old (27M), 7 humongous (7M), 19 free (19M)
}
Event: 11.134 {heap After GC invocations=27 (full 0):
 garbage-first heap   total reserved 2080768K, committed 135168K, used 48107K [0x0000000081000000, 0x0000000100000000)
  region size 1M, 0 eden (0M), 4 survivor (4M), 37 old (37M), 7 humongous (7M), 84 free (84M)
}
Event: 13.219 {heap Before GC invocations=27 (full 0):
 garbage-first heap   total reserved 2080768K, committed 135168K, used 124907K [0x0000000081000000, 0x0000000100000000)
  region size 1M, 68 eden (68M), 4 survivor (4M), 37 old (37M), 14 humongous (14M), 9 free (9M)
}
Event: 13.259 {heap After GC invocations=28 (full 0):
 garbage-first heap   total reserved 2080768K, committed 147456K, used 71168K [0x0000000081000000, 0x0000000100000000)
  region size 1M, 0 eden (0M), 9 survivor (9M), 49 old (49M), 12 humongous (12M), 74 free (74M)
}
Event: 14.974 {heap Before GC invocations=28 (full 0):
 garbage-first heap   total reserved 2080768K, committed 147456K, used 110080K [0x0000000081000000, 0x0000000100000000)
  region size 1M, 40 eden (40M), 9 survivor (9M), 49 old (49M), 12 humongous (12M), 34 free (34M)
}
Event: 14.993 {heap After GC invocations=29 (full 0):
 garbage-first heap   total reserved 2080768K, committed 147456K, used 72180K [0x0000000081000000, 0x0000000100000000)
  region size 1M, 0 eden (0M), 2 survivor (2M), 57 old (57M), 12 humongous (12M), 73 free (73M)
}
Event: 16.732 {heap Before GC invocations=30 (full 0):
 garbage-first heap   total reserved 2080768K, committed 147456K, used 146932K [0x0000000081000000, 0x0000000100000000)
  region size 1M, 52 eden (52M), 2 survivor (2M), 57 old (57M), 33 humongous (33M), 0 free (0M)
}

